<?xml version="1.0" encoding="UTF-8"?>
<!-- Generated by org.testng.reporters.JUnitXMLReporter -->
<testsuite hostname="LAPTOP-784FVESE" ignored="0" name="Command line test" tests="7" failures="0" timestamp="2020-01-16T16:35:53 NZDT" time="39.848" errors="0">
  <testcase name="isLoginLinkExisting" time="0.581" classname="com.liqi.nzhgtest.journeytest.JourneyTest1"/>
  <testcase name="isLoginPageDisplayed" time="1.053" classname="com.liqi.nzhgtest.journeytest.JourneyTest1"/>
  <testcase name="isProductListPageDisplayed" time="4.307" classname="com.liqi.nzhgtest.journeytest.JourneyTest1"/>
  <testcase name="isProductDetailPageDisplayed" time="4.291" classname="com.liqi.nzhgtest.journeytest.JourneyTest1"/>
  <testcase name="isCartDisplayed" time="6.535" classname="com.liqi.nzhgtest.journeytest.JourneyTest1"/>
  <testcase name="isCheckoutDisplayed" time="11.177" classname="com.liqi.nzhgtest.journeytest.JourneyTest1"/>
  <testcase name="isPaymentPageDisplayed" time="0.008" classname="com.liqi.nzhgtest.journeytest.JourneyTest1"/>
</testsuite> <!-- Command line test -->
